{"total": {"lines":{"total":1441,"covered":897,"skipped":0,"pct":62.24},"statements":{"total":1569,"covered":958,"skipped":0,"pct":61.05},"functions":{"total":304,"covered":169,"skipped":0,"pct":55.59},"branches":{"total":664,"covered":367,"skipped":0,"pct":55.27},"branchesTrue":{"total":0,"covered":0,"skipped":0,"pct":100}}
,"/Users/viveksah/vibe_native_DICOM/src/getGdcmVersion.native.tsx": {"lines":{"total":1,"covered":1,"skipped":0,"pct":100},"functions":{"total":1,"covered":1,"skipped":0,"pct":100},"statements":{"total":1,"covered":1,"skipped":0,"pct":100},"branches":{"total":0,"covered":0,"skipped":0,"pct":100}}
,"/Users/viveksah/vibe_native_DICOM/src/helpers.ts": {"lines":{"total":40,"covered":39,"skipped":0,"pct":97.5},"functions":{"total":23,"covered":23,"skipped":0,"pct":100},"statements":{"total":48,"covered":44,"skipped":0,"pct":91.66},"branches":{"total":30,"covered":22,"skipped":0,"pct":73.33}}
,"/Users/viveksah/vibe_native_DICOM/src/index.tsx": {"lines":{"total":0,"covered":0,"skipped":0,"pct":100},"functions":{"total":0,"covered":0,"skipped":0,"pct":100},"statements":{"total":0,"covered":0,"skipped":0,"pct":100},"branches":{"total":0,"covered":0,"skipped":0,"pct":100}}
,"/Users/viveksah/vibe_native_DICOM/src/multiply.native.tsx": {"lines":{"total":1,"covered":1,"skipped":0,"pct":100},"functions":{"total":1,"covered":1,"skipped":0,"pct":100},"statements":{"total":1,"covered":1,"skipped":0,"pct":100},"branches":{"total":0,"covered":0,"skipped":0,"pct":100}}
,"/Users/viveksah/vibe_native_DICOM/src/readDicom.native.tsx": {"lines":{"total":4,"covered":4,"skipped":0,"pct":100},"functions":{"total":4,"covered":4,"skipped":0,"pct":100},"statements":{"total":4,"covered":4,"skipped":0,"pct":100},"branches":{"total":2,"covered":1,"skipped":0,"pct":50}}
,"/Users/viveksah/vibe_native_DICOM/src/transferSyntax.ts": {"lines":{"total":3,"covered":3,"skipped":0,"pct":100},"functions":{"total":0,"covered":0,"skipped":0,"pct":100},"statements":{"total":3,"covered":3,"skipped":0,"pct":100},"branches":{"total":0,"covered":0,"skipped":0,"pct":100}}
,"/Users/viveksah/vibe_native_DICOM/src/__fixtures__/syntheticGradient.ts": {"lines":{"total":68,"covered":68,"skipped":0,"pct":100},"functions":{"total":5,"covered":5,"skipped":0,"pct":100},"statements":{"total":73,"covered":73,"skipped":0,"pct":100},"branches":{"total":0,"covered":0,"skipped":0,"pct":100}}
,"/Users/viveksah/vibe_native_DICOM/src/anonymize/anonymizeDataset.ts": {"lines":{"total":53,"covered":50,"skipped":0,"pct":94.33},"functions":{"total":9,"covered":9,"skipped":0,"pct":100},"statements":{"total":59,"covered":55,"skipped":0,"pct":93.22},"branches":{"total":47,"covered":42,"skipped":0,"pct":89.36}}
,"/Users/viveksah/vibe_native_DICOM/src/anonymize/index.ts": {"lines":{"total":0,"covered":0,"skipped":0,"pct":100},"functions":{"total":0,"covered":0,"skipped":0,"pct":100},"statements":{"total":0,"covered":0,"skipped":0,"pct":100},"branches":{"total":0,"covered":0,"skipped":0,"pct":100}}
,"/Users/viveksah/vibe_native_DICOM/src/cache/cachedExtractPixelDataToFile.ts": {"lines":{"total":7,"covered":7,"skipped":0,"pct":100},"functions":{"total":1,"covered":1,"skipped":0,"pct":100},"statements":{"total":8,"covered":8,"skipped":0,"pct":100},"branches":{"total":7,"covered":5,"skipped":0,"pct":71.42}}
,"/Users/viveksah/vibe_native_DICOM/src/cache/index.ts": {"lines":{"total":0,"covered":0,"skipped":0,"pct":100},"functions":{"total":0,"covered":0,"skipped":0,"pct":100},"statements":{"total":0,"covered":0,"skipped":0,"pct":100},"branches":{"total":0,"covered":0,"skipped":0,"pct":100}}
,"/Users/viveksah/vibe_native_DICOM/src/cache/pixelDataCache.ts": {"lines":{"total":49,"covered":49,"skipped":0,"pct":100},"functions":{"total":9,"covered":9,"skipped":0,"pct":100},"statements":{"total":51,"covered":50,"skipped":0,"pct":98.03},"branches":{"total":19,"covered":18,"skipped":0,"pct":94.73}}
,"/Users/viveksah/vibe_native_DICOM/src/cache/seriesPrefetcher.ts": {"lines":{"total":61,"covered":60,"skipped":0,"pct":98.36},"functions":{"total":13,"covered":12,"skipped":0,"pct":92.3},"statements":{"total":69,"covered":66,"skipped":0,"pct":95.65},"branches":{"total":38,"covered":32,"skipped":0,"pct":84.21}}
,"/Users/viveksah/vibe_native_DICOM/src/cache/useSeriesPrefetch.ts": {"lines":{"total":23,"covered":1,"skipped":0,"pct":4.34},"functions":{"total":11,"covered":0,"skipped":0,"pct":0},"statements":{"total":24,"covered":1,"skipped":0,"pct":4.16},"branches":{"total":4,"covered":0,"skipped":0,"pct":0}}
,"/Users/viveksah/vibe_native_DICOM/src/dicomweb/client.ts": {"lines":{"total":74,"covered":69,"skipped":0,"pct":93.24},"functions":{"total":15,"covered":14,"skipped":0,"pct":93.33},"statements":{"total":80,"covered":71,"skipped":0,"pct":88.75},"branches":{"total":46,"covered":34,"skipped":0,"pct":73.91}}
,"/Users/viveksah/vibe_native_DICOM/src/dicomweb/errors.ts": {"lines":{"total":25,"covered":25,"skipped":0,"pct":100},"functions":{"total":8,"covered":8,"skipped":0,"pct":100},"statements":{"total":25,"covered":25,"skipped":0,"pct":100},"branches":{"total":10,"covered":8,"skipped":0,"pct":80}}
,"/Users/viveksah/vibe_native_DICOM/src/dicomweb/http.ts": {"lines":{"total":43,"covered":37,"skipped":0,"pct":86.04},"functions":{"total":7,"covered":6,"skipped":0,"pct":85.71},"statements":{"total":50,"covered":43,"skipped":0,"pct":86},"branches":{"total":34,"covered":30,"skipped":0,"pct":88.23}}
,"/Users/viveksah/vibe_native_DICOM/src/dicomweb/index.ts": {"lines":{"total":0,"covered":0,"skipped":0,"pct":100},"functions":{"total":0,"covered":0,"skipped":0,"pct":100},"statements":{"total":0,"covered":0,"skipped":0,"pct":100},"branches":{"total":0,"covered":0,"skipped":0,"pct":100}}
,"/Users/viveksah/vibe_native_DICOM/src/dicomweb/multipart.ts": {"lines":{"total":55,"covered":54,"skipped":0,"pct":98.18},"functions":{"total":7,"covered":7,"skipped":0,"pct":100},"statements":{"total":62,"covered":59,"skipped":0,"pct":95.16},"branches":{"total":20,"covered":15,"skipped":0,"pct":75}}
,"/Users/viveksah/vibe_native_DICOM/src/dicomweb/url.ts": {"lines":{"total":18,"covered":18,"skipped":0,"pct":100},"functions":{"total":10,"covered":10,"skipped":0,"pct":100},"statements":{"total":19,"covered":19,"skipped":0,"pct":100},"branches":{"total":10,"covered":10,"skipped":0,"pct":100}}
,"/Users/viveksah/vibe_native_DICOM/src/measurements/MeasurementOverlay.tsx": {"lines":{"total":88,"covered":2,"skipped":0,"pct":2.27},"functions":{"total":16,"covered":0,"skipped":0,"pct":0},"statements":{"total":91,"covered":2,"skipped":0,"pct":2.19},"branches":{"total":29,"covered":0,"skipped":0,"pct":0}}
,"/Users/viveksah/vibe_native_DICOM/src/measurements/canvasToImage.ts": {"lines":{"total":17,"covered":17,"skipped":0,"pct":100},"functions":{"total":1,"covered":1,"skipped":0,"pct":100},"statements":{"total":17,"covered":17,"skipped":0,"pct":100},"branches":{"total":2,"covered":2,"skipped":0,"pct":100}}
,"/Users/viveksah/vibe_native_DICOM/src/measurements/exportSr.native.tsx": {"lines":{"total":2,"covered":0,"skipped":0,"pct":0},"functions":{"total":1,"covered":0,"skipped":0,"pct":0},"statements":{"total":2,"covered":0,"skipped":0,"pct":0},"branches":{"total":0,"covered":0,"skipped":0,"pct":100}}
,"/Users/viveksah/vibe_native_DICOM/src/measurements/index.ts": {"lines":{"total":0,"covered":0,"skipped":0,"pct":100},"functions":{"total":0,"covered":0,"skipped":0,"pct":100},"statements":{"total":0,"covered":0,"skipped":0,"pct":100},"branches":{"total":0,"covered":0,"skipped":0,"pct":100}}
,"/Users/viveksah/vibe_native_DICOM/src/measurements/math.ts": {"lines":{"total":66,"covered":66,"skipped":0,"pct":100},"functions":{"total":10,"covered":10,"skipped":0,"pct":100},"statements":{"total":70,"covered":69,"skipped":0,"pct":98.57},"branches":{"total":27,"covered":26,"skipped":0,"pct":96.29}}
,"/Users/viveksah/vibe_native_DICOM/src/measurements/srLines.ts": {"lines":{"total":6,"covered":6,"skipped":0,"pct":100},"functions":{"total":3,"covered":3,"skipped":0,"pct":100},"statements":{"total":6,"covered":6,"skipped":0,"pct":100},"branches":{"total":0,"covered":0,"skipped":0,"pct":100}}
,"/Users/viveksah/vibe_native_DICOM/src/measurements/useMeasurementsReducer.ts": {"lines":{"total":34,"covered":23,"skipped":0,"pct":67.64},"functions":{"total":10,"covered":3,"skipped":0,"pct":30},"statements":{"total":37,"covered":24,"skipped":0,"pct":64.86},"branches":{"total":16,"covered":16,"skipped":0,"pct":100}}
,"/Users/viveksah/vibe_native_DICOM/src/mpr/index.ts": {"lines":{"total":0,"covered":0,"skipped":0,"pct":100},"functions":{"total":0,"covered":0,"skipped":0,"pct":100},"statements":{"total":0,"covered":0,"skipped":0,"pct":100},"branches":{"total":0,"covered":0,"skipped":0,"pct":100}}
,"/Users/viveksah/vibe_native_DICOM/src/mpr/transferFunctions.ts": {"lines":{"total":10,"covered":5,"skipped":0,"pct":50},"functions":{"total":2,"covered":0,"skipped":0,"pct":0},"statements":{"total":11,"covered":5,"skipped":0,"pct":45.45},"branches":{"total":2,"covered":0,"skipped":0,"pct":0}}
,"/Users/viveksah/vibe_native_DICOM/src/mpr/useMprController.ts": {"lines":{"total":15,"covered":0,"skipped":0,"pct":0},"functions":{"total":8,"covered":0,"skipped":0,"pct":0},"statements":{"total":17,"covered":0,"skipped":0,"pct":0},"branches":{"total":2,"covered":0,"skipped":0,"pct":0}}
,"/Users/viveksah/vibe_native_DICOM/src/mpr/useObliqueController.ts": {"lines":{"total":33,"covered":22,"skipped":0,"pct":66.66},"functions":{"total":4,"covered":1,"skipped":0,"pct":25},"statements":{"total":34,"covered":22,"skipped":0,"pct":64.7},"branches":{"total":2,"covered":0,"skipped":0,"pct":0}}
,"/Users/viveksah/vibe_native_DICOM/src/mpr/useVolumeRenderController.ts": {"lines":{"total":32,"covered":1,"skipped":0,"pct":3.12},"functions":{"total":6,"covered":0,"skipped":0,"pct":0},"statements":{"total":33,"covered":1,"skipped":0,"pct":3.03},"branches":{"total":14,"covered":0,"skipped":0,"pct":0}}
,"/Users/viveksah/vibe_native_DICOM/src/mpr/volume.native.tsx": {"lines":{"total":15,"covered":14,"skipped":0,"pct":93.33},"functions":{"total":7,"covered":7,"skipped":0,"pct":100},"statements":{"total":15,"covered":14,"skipped":0,"pct":93.33},"branches":{"total":22,"covered":21,"skipped":0,"pct":95.45}}
,"/Users/viveksah/vibe_native_DICOM/src/mpr/volumeRenderPresets.ts": {"lines":{"total":7,"covered":7,"skipped":0,"pct":100},"functions":{"total":1,"covered":1,"skipped":0,"pct":100},"statements":{"total":7,"covered":7,"skipped":0,"pct":100},"branches":{"total":0,"covered":0,"skipped":0,"pct":100}}
,"/Users/viveksah/vibe_native_DICOM/src/viewer/DicomFusionViewSkia.tsx": {"lines":{"total":36,"covered":1,"skipped":0,"pct":2.77},"functions":{"total":6,"covered":0,"skipped":0,"pct":0},"statements":{"total":37,"covered":1,"skipped":0,"pct":2.7},"branches":{"total":28,"covered":0,"skipped":0,"pct":0}}
,"/Users/viveksah/vibe_native_DICOM/src/viewer/DicomImageView.tsx": {"lines":{"total":21,"covered":0,"skipped":0,"pct":0},"functions":{"total":3,"covered":0,"skipped":0,"pct":0},"statements":{"total":22,"covered":0,"skipped":0,"pct":0},"branches":{"total":9,"covered":0,"skipped":0,"pct":0}}
,"/Users/viveksah/vibe_native_DICOM/src/viewer/DicomImageViewSkia.tsx": {"lines":{"total":79,"covered":1,"skipped":0,"pct":1.26},"functions":{"total":9,"covered":0,"skipped":0,"pct":0},"statements":{"total":87,"covered":1,"skipped":0,"pct":1.14},"branches":{"total":51,"covered":0,"skipped":0,"pct":0}}
,"/Users/viveksah/vibe_native_DICOM/src/viewer/DicomRtStructOverlay.tsx": {"lines":{"total":23,"covered":0,"skipped":0,"pct":0},"functions":{"total":5,"covered":0,"skipped":0,"pct":0},"statements":{"total":29,"covered":0,"skipped":0,"pct":0},"branches":{"total":17,"covered":0,"skipped":0,"pct":0}}
,"/Users/viveksah/vibe_native_DICOM/src/viewer/DicomSegmentationOverlay.tsx": {"lines":{"total":48,"covered":1,"skipped":0,"pct":2.08},"functions":{"total":8,"covered":0,"skipped":0,"pct":0},"statements":{"total":51,"covered":1,"skipped":0,"pct":1.96},"branches":{"total":25,"covered":0,"skipped":0,"pct":0}}
,"/Users/viveksah/vibe_native_DICOM/src/viewer/colormaps.ts": {"lines":{"total":25,"covered":25,"skipped":0,"pct":100},"functions":{"total":5,"covered":5,"skipped":0,"pct":100},"statements":{"total":28,"covered":28,"skipped":0,"pct":100},"branches":{"total":4,"covered":4,"skipped":0,"pct":100}}
,"/Users/viveksah/vibe_native_DICOM/src/viewer/index.ts": {"lines":{"total":0,"covered":0,"skipped":0,"pct":100},"functions":{"total":0,"covered":0,"skipped":0,"pct":100},"statements":{"total":0,"covered":0,"skipped":0,"pct":100},"branches":{"total":0,"covered":0,"skipped":0,"pct":100}}
,"/Users/viveksah/vibe_native_DICOM/src/viewer/pixelPack.ts": {"lines":{"total":24,"covered":0,"skipped":0,"pct":0},"functions":{"total":1,"covered":0,"skipped":0,"pct":0},"statements":{"total":27,"covered":0,"skipped":0,"pct":0},"branches":{"total":13,"covered":0,"skipped":0,"pct":0}}
,"/Users/viveksah/vibe_native_DICOM/src/viewer/platform.native.ts": {"lines":{"total":1,"covered":0,"skipped":0,"pct":0},"functions":{"total":1,"covered":0,"skipped":0,"pct":0},"statements":{"total":1,"covered":0,"skipped":0,"pct":0},"branches":{"total":0,"covered":0,"skipped":0,"pct":100}}
,"/Users/viveksah/vibe_native_DICOM/src/viewer/png.ts": {"lines":{"total":110,"covered":110,"skipped":0,"pct":100},"functions":{"total":8,"covered":8,"skipped":0,"pct":100},"statements":{"total":117,"covered":117,"skipped":0,"pct":100},"branches":{"total":18,"covered":15,"skipped":0,"pct":83.33}}
,"/Users/viveksah/vibe_native_DICOM/src/viewer/rtStruct.ts": {"lines":{"total":19,"covered":19,"skipped":0,"pct":100},"functions":{"total":2,"covered":2,"skipped":0,"pct":100},"statements":{"total":20,"covered":20,"skipped":0,"pct":100},"branches":{"total":5,"covered":4,"skipped":0,"pct":80}}
,"/Users/viveksah/vibe_native_DICOM/src/viewer/segmentation.ts": {"lines":{"total":21,"covered":21,"skipped":0,"pct":100},"functions":{"total":2,"covered":2,"skipped":0,"pct":100},"statements":{"total":24,"covered":24,"skipped":0,"pct":100},"branches":{"total":9,"covered":9,"skipped":0,"pct":100}}
,"/Users/viveksah/vibe_native_DICOM/src/viewer/useFrameSequence.ts": {"lines":{"total":31,"covered":0,"skipped":0,"pct":0},"functions":{"total":13,"covered":0,"skipped":0,"pct":0},"statements":{"total":39,"covered":0,"skipped":0,"pct":0},"branches":{"total":10,"covered":0,"skipped":0,"pct":0}}
,"/Users/viveksah/vibe_native_DICOM/src/viewer/useSyncedViewerGroup.ts": {"lines":{"total":56,"covered":4,"skipped":0,"pct":7.14},"functions":{"total":21,"covered":1,"skipped":0,"pct":4.76},"statements":{"total":64,"covered":5,"skipped":0,"pct":7.81},"branches":{"total":25,"covered":4,"skipped":0,"pct":16}}
,"/Users/viveksah/vibe_native_DICOM/src/viewer/useViewerGestures.ts": {"lines":{"total":27,"covered":1,"skipped":0,"pct":3.7},"functions":{"total":10,"covered":0,"skipped":0,"pct":0},"statements":{"total":28,"covered":1,"skipped":0,"pct":3.57},"branches":{"total":4,"covered":0,"skipped":0,"pct":0}}
,"/Users/viveksah/vibe_native_DICOM/src/viewer/windowLevel.ts": {"lines":{"total":39,"covered":39,"skipped":0,"pct":100},"functions":{"total":2,"covered":2,"skipped":0,"pct":100},"statements":{"total":43,"covered":42,"skipped":0,"pct":97.67},"branches":{"total":32,"covered":25,"skipped":0,"pct":78.12}}
,"/Users/viveksah/vibe_native_DICOM/src/workflow/hangingProtocol.ts": {"lines":{"total":26,"covered":26,"skipped":0,"pct":100},"functions":{"total":13,"covered":13,"skipped":0,"pct":100},"statements":{"total":30,"covered":28,"skipped":0,"pct":93.33},"branches":{"total":28,"covered":24,"skipped":0,"pct":85.71}}
,"/Users/viveksah/vibe_native_DICOM/src/workflow/index.ts": {"lines":{"total":0,"covered":0,"skipped":0,"pct":100},"functions":{"total":0,"covered":0,"skipped":0,"pct":100},"statements":{"total":0,"covered":0,"skipped":0,"pct":100},"branches":{"total":0,"covered":0,"skipped":0,"pct":100}}
,"/Users/viveksah/vibe_native_DICOM/src/workflow/useHangingProtocol.ts": {"lines":{"total":5,"covered":0,"skipped":0,"pct":0},"functions":{"total":2,"covered":0,"skipped":0,"pct":0},"statements":{"total":5,"covered":0,"skipped":0,"pct":0},"branches":{"total":3,"covered":0,"skipped":0,"pct":0}}
}
